2021-09-24 10:34:08,414 DEBUG: Converted retries value: 3 -> Retry(total=3, connect=None, read=None, redirect=None, status=None)
2021-09-24 10:34:08,577 DEBUG: Making request: POST https://oauth2.googleapis.com/token
2021-09-24 10:34:08,581 DEBUG: Starting new HTTPS connection (1): oauth2.googleapis.com:443
2021-09-24 10:34:08,806 DEBUG: https://oauth2.googleapis.com:443 "POST /token HTTP/1.1" 200 None
2021-09-24 10:34:08,809 DEBUG: Starting new HTTPS connection (1): sheets.googleapis.com:443
2021-09-24 10:34:09,683 DEBUG: https://sheets.googleapis.com:443 "GET /v4/spreadsheets/1stuPZyyL1stbnOkUXw4QULle5LvKKKeJp40Smu3927Q?includeGridData=false HTTP/1.1" 200 None
2021-09-24 10:34:10,044 DEBUG: https://sheets.googleapis.com:443 "GET /v4/spreadsheets/1stuPZyyL1stbnOkUXw4QULle5LvKKKeJp40Smu3927Q/values/%27JourneyMessageHistory_Others%27%211%3A1 HTTP/1.1" 200 None
2021-09-24 10:34:10,393 DEBUG: https://sheets.googleapis.com:443 "GET /v4/spreadsheets/1stuPZyyL1stbnOkUXw4QULle5LvKKKeJp40Smu3927Q/values/%27JourneyMessageHistory_Others%27%21A%3AA HTTP/1.1" 200 None
2021-09-24 10:35:11,152 DEBUG: Converted retries value: 3 -> Retry(total=3, connect=None, read=None, redirect=None, status=None)
2021-09-24 10:35:11,308 DEBUG: Making request: POST https://oauth2.googleapis.com/token
2021-09-24 10:35:11,311 DEBUG: Starting new HTTPS connection (1): oauth2.googleapis.com:443
2021-09-24 10:35:11,487 DEBUG: https://oauth2.googleapis.com:443 "POST /token HTTP/1.1" 200 None
2021-09-24 10:35:11,490 DEBUG: Starting new HTTPS connection (1): sheets.googleapis.com:443
2021-09-24 10:35:11,963 DEBUG: https://sheets.googleapis.com:443 "GET /v4/spreadsheets/1stuPZyyL1stbnOkUXw4QULle5LvKKKeJp40Smu3927Q?includeGridData=false HTTP/1.1" 200 None
2021-09-24 10:35:12,384 DEBUG: https://sheets.googleapis.com:443 "GET /v4/spreadsheets/1stuPZyyL1stbnOkUXw4QULle5LvKKKeJp40Smu3927Q/values/%27JourneyMessageHistory_Others%27%211%3A1 HTTP/1.1" 200 None
2021-09-24 10:35:12,732 DEBUG: https://sheets.googleapis.com:443 "GET /v4/spreadsheets/1stuPZyyL1stbnOkUXw4QULle5LvKKKeJp40Smu3927Q/values/%27JourneyMessageHistory_Others%27%21A%3AA HTTP/1.1" 200 None
2021-09-24 10:35:13,207 DEBUG: https://sheets.googleapis.com:443 "PUT /v4/spreadsheets/1stuPZyyL1stbnOkUXw4QULle5LvKKKeJp40Smu3927Q/values/%27JourneyMessageHistory_Others%27%21A2%3AH34?valueInputOption=RAW HTTP/1.1" 200 None
2021-09-24 10:38:07,869 DEBUG: Converted retries value: 3 -> Retry(total=3, connect=None, read=None, redirect=None, status=None)
2021-09-24 10:38:08,024 DEBUG: Making request: POST https://oauth2.googleapis.com/token
2021-09-24 10:38:08,028 DEBUG: Starting new HTTPS connection (1): oauth2.googleapis.com:443
2021-09-24 10:38:08,195 DEBUG: https://oauth2.googleapis.com:443 "POST /token HTTP/1.1" 200 None
2021-09-24 10:38:08,198 DEBUG: Starting new HTTPS connection (1): sheets.googleapis.com:443
2021-09-24 10:38:09,080 DEBUG: https://sheets.googleapis.com:443 "GET /v4/spreadsheets/1MJHt_f3dTSxbjsunK_i7K-hW02KX-QnfMPkhIEbSQ8Y?includeGridData=false HTTP/1.1" 200 None
2021-09-24 10:38:09,085 DEBUG: Converted retries value: 3 -> Retry(total=3, connect=None, read=None, redirect=None, status=None)
2021-09-24 10:38:09,238 DEBUG: Making request: POST https://oauth2.googleapis.com/token
2021-09-24 10:38:09,240 DEBUG: Starting new HTTPS connection (1): oauth2.googleapis.com:443
2021-09-24 10:38:09,383 DEBUG: https://oauth2.googleapis.com:443 "POST /token HTTP/1.1" 200 None
2021-09-24 10:38:09,386 DEBUG: Starting new HTTPS connection (1): sheets.googleapis.com:443
2021-09-24 10:38:10,333 DEBUG: https://sheets.googleapis.com:443 "GET /v4/spreadsheets/1b5I37S8IiVWnftJsDvDf8gcyIpVU250qBZcf0-DJvWw?includeGridData=false HTTP/1.1" 200 None
2021-09-24 10:38:10,923 DEBUG: https://sheets.googleapis.com:443 "GET /v4/spreadsheets/1MJHt_f3dTSxbjsunK_i7K-hW02KX-QnfMPkhIEbSQ8Y/values/%27CRM_JOURNEY_UPGRADE%27%211%3A1 HTTP/1.1" 200 None
2021-09-24 10:38:11,382 DEBUG: https://sheets.googleapis.com:443 "GET /v4/spreadsheets/1MJHt_f3dTSxbjsunK_i7K-hW02KX-QnfMPkhIEbSQ8Y/values/%27CRM_JOURNEY_UPGRADE%27%21A%3AA HTTP/1.1" 200 None
2021-09-24 10:38:11,935 DEBUG: https://sheets.googleapis.com:443 "PUT /v4/spreadsheets/1MJHt_f3dTSxbjsunK_i7K-hW02KX-QnfMPkhIEbSQ8Y/values/%27CRM_JOURNEY_UPGRADE%27%21A60%3AZ88?valueInputOption=RAW HTTP/1.1" 200 None
2021-09-24 10:38:12,294 DEBUG: https://sheets.googleapis.com:443 "GET /v4/spreadsheets/1b5I37S8IiVWnftJsDvDf8gcyIpVU250qBZcf0-DJvWw/values/%27CRM_JOURNEY_RENEW%27%211%3A1 HTTP/1.1" 200 None
2021-09-24 10:38:12,692 DEBUG: https://sheets.googleapis.com:443 "GET /v4/spreadsheets/1b5I37S8IiVWnftJsDvDf8gcyIpVU250qBZcf0-DJvWw/values/%27CRM_JOURNEY_RENEW%27%21A%3AA HTTP/1.1" 200 None
2021-09-24 10:38:13,099 DEBUG: https://sheets.googleapis.com:443 "PUT /v4/spreadsheets/1b5I37S8IiVWnftJsDvDf8gcyIpVU250qBZcf0-DJvWw/values/%27CRM_JOURNEY_RENEW%27%21A113%3AZ138?valueInputOption=RAW HTTP/1.1" 200 None
2021-09-24 11:11:55,142 DEBUG: Converted retries value: 3 -> Retry(total=3, connect=None, read=None, redirect=None, status=None)
2021-09-24 11:11:55,307 DEBUG: Making request: POST https://oauth2.googleapis.com/token
2021-09-24 11:11:55,311 DEBUG: Starting new HTTPS connection (1): oauth2.googleapis.com:443
2021-09-24 11:11:55,525 DEBUG: https://oauth2.googleapis.com:443 "POST /token HTTP/1.1" 200 None
2021-09-24 11:11:55,528 DEBUG: Starting new HTTPS connection (1): sheets.googleapis.com:443
2021-09-24 11:11:56,487 DEBUG: https://sheets.googleapis.com:443 "GET /v4/spreadsheets/1stuPZyyL1stbnOkUXw4QULle5LvKKKeJp40Smu3927Q?includeGridData=false HTTP/1.1" 200 None
2021-09-24 11:11:57,119 DEBUG: https://sheets.googleapis.com:443 "GET /v4/spreadsheets/1stuPZyyL1stbnOkUXw4QULle5LvKKKeJp40Smu3927Q/values/%27JourneyMessageHistory_Others%27%211%3A1 HTTP/1.1" 200 None
2021-09-24 11:11:57,463 DEBUG: https://sheets.googleapis.com:443 "GET /v4/spreadsheets/1stuPZyyL1stbnOkUXw4QULle5LvKKKeJp40Smu3927Q/values/%27JourneyMessageHistory_Others%27%21A%3AA HTTP/1.1" 200 None
2021-09-27 14:02:28,492 DEBUG: Converted retries value: 3 -> Retry(total=3, connect=None, read=None, redirect=None, status=None)
2021-09-27 14:02:28,680 DEBUG: Making request: POST https://oauth2.googleapis.com/token
2021-09-27 14:02:28,684 DEBUG: Starting new HTTPS connection (1): oauth2.googleapis.com:443
2021-09-27 14:02:28,824 DEBUG: https://oauth2.googleapis.com:443 "POST /token HTTP/1.1" 200 None
2021-09-27 14:02:28,829 DEBUG: Starting new HTTPS connection (1): sheets.googleapis.com:443
2021-09-27 14:02:29,360 DEBUG: https://sheets.googleapis.com:443 "GET /v4/spreadsheets/1stuPZyyL1stbnOkUXw4QULle5LvKKKeJp40Smu3927Q?includeGridData=false HTTP/1.1" 200 None
2021-09-27 14:02:29,700 DEBUG: https://sheets.googleapis.com:443 "GET /v4/spreadsheets/1stuPZyyL1stbnOkUXw4QULle5LvKKKeJp40Smu3927Q/values/%27JourneyMessageHistory_Others%27%211%3A1 HTTP/1.1" 200 None
2021-09-27 14:02:29,967 DEBUG: https://sheets.googleapis.com:443 "GET /v4/spreadsheets/1stuPZyyL1stbnOkUXw4QULle5LvKKKeJp40Smu3927Q/values/%27JourneyMessageHistory_Others%27%21A%3AA HTTP/1.1" 200 None
2021-09-27 14:02:30,269 DEBUG: https://sheets.googleapis.com:443 "PUT /v4/spreadsheets/1stuPZyyL1stbnOkUXw4QULle5LvKKKeJp40Smu3927Q/values/%27JourneyMessageHistory_Others%27%21A2%3AH34?valueInputOption=RAW HTTP/1.1" 200 None
2021-09-28 09:05:13,303 DEBUG: Converted retries value: 3 -> Retry(total=3, connect=None, read=None, redirect=None, status=None)
2021-09-28 09:05:13,460 DEBUG: Making request: POST https://oauth2.googleapis.com/token
2021-09-28 09:05:13,465 DEBUG: Starting new HTTPS connection (1): oauth2.googleapis.com:443
2021-09-28 09:05:13,619 DEBUG: https://oauth2.googleapis.com:443 "POST /token HTTP/1.1" 200 None
2021-09-28 09:05:13,625 DEBUG: Starting new HTTPS connection (1): sheets.googleapis.com:443
2021-09-28 09:05:14,670 DEBUG: https://sheets.googleapis.com:443 "GET /v4/spreadsheets/1stuPZyyL1stbnOkUXw4QULle5LvKKKeJp40Smu3927Q?includeGridData=false HTTP/1.1" 200 None
2021-09-28 09:05:15,193 DEBUG: https://sheets.googleapis.com:443 "GET /v4/spreadsheets/1stuPZyyL1stbnOkUXw4QULle5LvKKKeJp40Smu3927Q/values/%27JourneyMessageHistory_Others%27%211%3A1 HTTP/1.1" 200 None
2021-09-28 09:05:15,518 DEBUG: https://sheets.googleapis.com:443 "GET /v4/spreadsheets/1stuPZyyL1stbnOkUXw4QULle5LvKKKeJp40Smu3927Q/values/%27JourneyMessageHistory_Others%27%21A%3AA HTTP/1.1" 200 None
